Added Component: Designator=C1(CP1.5/3.4)
Add component. Clean all parameters for all variants
Add component (AddParameter): Name = "Description 1"; Value = "2200uF-3300uF/6,3V - 1000uF-2200uF/10V"; VariantName = "[No Variations]"
Add component (AddParameter): Name = "Description 2"; Value = "1000uF/16V - 470uF => 1000uF/25V - 100uF/100V"; VariantName = "[No Variations]"
Add component (AddParameter): Name = "Description 3"; Value = "330uF>470uF/35V_220uF>470uF/50V_10uF>22uF/250V"; VariantName = "[No Variations]"
Add component (AddParameter): Name = "Description 4"; Value = "220uF => 330uF/63V - 10uF =>33uF/160 - 200V"; VariantName = "[No Variations]"
Add component (AddParameter): Name = "Description 5"; Value = "4,7uF>10uF/250V_3,3uF>10uF/400V - 2,2uF>4,7uF/450V"; VariantName = "[No Variations]"
Add component (AddParameter): Name = "Value"; Value = "1000uF/16V"; VariantName = "[No Variations]"
Added Component: Designator=C2(CP1.5/3.4)
Add component. Clean all parameters for all variants
Add component (AddParameter): Name = "Description 1"; Value = "2200uF-3300uF/6,3V - 1000uF-2200uF/10V"; VariantName = "[No Variations]"
Add component (AddParameter): Name = "Description 2"; Value = "1000uF/16V - 470uF => 1000uF/25V - 100uF/100V"; VariantName = "[No Variations]"
Add component (AddParameter): Name = "Description 3"; Value = "330uF>470uF/35V_220uF>470uF/50V_10uF>22uF/250V"; VariantName = "[No Variations]"
Add component (AddParameter): Name = "Description 4"; Value = "220uF => 330uF/63V - 10uF =>33uF/160 - 200V"; VariantName = "[No Variations]"
Add component (AddParameter): Name = "Description 5"; Value = "4,7uF>10uF/250V_3,3uF>10uF/400V - 2,2uF>4,7uF/450V"; VariantName = "[No Variations]"
Add component (AddParameter): Name = "Value"; Value = "1000uF/16V"; VariantName = "[No Variations]"
Added Component: Designator=C3(JP4-C1T)
Add component. Clean all parameters for all variants
Add component (AddParameter): Name = "ComponentLink1 Description"; Value = "Manufacturer"; VariantName = "[No Variations]"
Add component (AddParameter): Name = "ComponentLink1URL"; Value = "http://www.we-online.com"; VariantName = "[No Variations]"
Add component (AddParameter): Name = "ComponentLink2 Description"; Value = "Datasheet"; VariantName = "[No Variations]"
Add component (AddParameter): Name = "ComponentLink2URL"; Value = "http://katalog.we-online.de/em/datasheet/6130xx143121.pdf"; VariantName = "[No Variations]"
Add component (AddParameter): Name = "Created by"; Value = "Karrer Zheng"; VariantName = "[No Variations]"
Add component (AddParameter): Name = "Created Date"; Value = "29 March 2013"; VariantName = "[No Variations]"
Add component (AddParameter): Name = "Manufacturer"; Value = "W¨¹rth Elektronik eiSos GmbH"; VariantName = "[No Variations]"
Add component (AddParameter): Name = "NoPins"; Value = "04"; VariantName = "[No Variations]"
Add component (AddParameter): Name = "partNo"; Value = "613004143121"; VariantName = "[No Variations]"
Added Component: Designator=C4(JP4-C1T)
Add component. Clean all parameters for all variants
Add component (AddParameter): Name = "ComponentLink1 Description"; Value = "Manufacturer"; VariantName = "[No Variations]"
Add component (AddParameter): Name = "ComponentLink1URL"; Value = "http://www.we-online.com"; VariantName = "[No Variations]"
Add component (AddParameter): Name = "ComponentLink2 Description"; Value = "Datasheet"; VariantName = "[No Variations]"
Add component (AddParameter): Name = "ComponentLink2URL"; Value = "http://katalog.we-online.de/em/datasheet/6130xx143121.pdf"; VariantName = "[No Variations]"
Add component (AddParameter): Name = "Created by"; Value = "Karrer Zheng"; VariantName = "[No Variations]"
Add component (AddParameter): Name = "Created Date"; Value = "29 March 2013"; VariantName = "[No Variations]"
Add component (AddParameter): Name = "Manufacturer"; Value = "W¨¹rth Elektronik eiSos GmbH"; VariantName = "[No Variations]"
Add component (AddParameter): Name = "NoPins"; Value = "04"; VariantName = "[No Variations]"
Add component (AddParameter): Name = "partNo"; Value = "613004143121"; VariantName = "[No Variations]"
Added Component: Designator=D1(DIODE SMA)
Add component. Clean all parameters for all variants
Add component (AddParameter): Name = "Chung_Loai"; Value = "Dán"; VariantName = "[No Variations]"
Add component (AddParameter): Name = "Don_Vi"; Value = "Con"; VariantName = "[No Variations]"
Add component (AddParameter): Name = "Ghi_Chu"; Value = ""; VariantName = "[No Variations]"
Add component (AddParameter): Name = "Kieu_Chan"; Value = ""; VariantName = "[No Variations]"
Add component (AddParameter): Name = "Ma_Hang"; Value = "MH002104"; VariantName = "[No Variations]"
Add component (AddParameter): Name = "Ten_Linh_Kien"; Value = "Diode SS34 3A 40V SMA ( 1N5822 SS34A)"; VariantName = "[No Variations]"
Added Component: Designator=ENTER1(JP3)
Add component. Clean all parameters for all variants
Add component (AddParameter): Name = "Value"; Value = "J3"; VariantName = "[No Variations]"
Added Component: Designator=EXIT1(JP3)
Add component. Clean all parameters for all variants
Add component (AddParameter): Name = "Value"; Value = "J3"; VariantName = "[No Variations]"
Added Component: Designator=HD1(HED2)
Add component. Clean all parameters for all variants
Add component (AddParameter): Name = "Value"; Value = "Header 2"; VariantName = "[No Variations]"
Added Component: Designator=JDC1(DC-IN)
Add component. Clean all parameters for all variants
Add component (AddParameter): Name = "Value"; Value = "Jac DC"; VariantName = "[No Variations]"
Added Component: Designator=L1(L-DIP-M-7.8)
Add component. Clean all parameters for all variants
Add component (AddParameter): Name = "Value"; Value = "150 mH"; VariantName = "[No Variations]"
Added Component: Designator=LED1(LED-3)
Add component. Clean all parameters for all variants
Add component (AddParameter): Name = "Value"; Value = "LED 3 ly Single Colour"; VariantName = "[No Variations]"
Added Component: Designator=LM1(QTO-220-5-1H1)
Add component. Clean all parameters for all variants
Added Component: Designator=R1(R1/4WD)
Add component. Clean all parameters for all variants
Add component (AddParameter): Name = "Value"; Value = "R1/4W - 1K"; VariantName = "[No Variations]"
Added Component: Designator=SERVO1(JP3)
Add component. Clean all parameters for all variants
Add component (AddParameter): Name = "Value"; Value = "J3"; VariantName = "[No Variations]"
Added Component: Designator=SERVO2(JP3)
Add component. Clean all parameters for all variants
Add component (AddParameter): Name = "Value"; Value = "J3"; VariantName = "[No Variations]"
Added Component: Designator=U1(MODULE_ESP32-DEVKITC-32U)
Add component. Clean all parameters for all variants
Add component (AddParameter): Name = "Availability"; Value = "Unavailable"; VariantName = "[No Variations]"
Add component (AddParameter): Name = "MF"; Value = ""; VariantName = "[No Variations]"
Add component (AddParameter): Name = "MP"; Value = "ESP32-DEVKITC-32U"; VariantName = "[No Variations]"
Add component (AddParameter): Name = "Package"; Value = "None"; VariantName = "[No Variations]"
Add component (AddParameter): Name = "Price"; Value = "None"; VariantName = "[No Variations]"
Add component (AddParameter): Name = "Value"; Value = ""; VariantName = "[No Variations]"
Added Component: Designator=XE 1(JP3)
Add component. Clean all parameters for all variants
Add component (AddParameter): Name = "Value"; Value = "J3"; VariantName = "[No Variations]"
Added Component: Designator=XE 2(JP3)
Add component. Clean all parameters for all variants
Add component (AddParameter): Name = "Value"; Value = "J3"; VariantName = "[No Variations]"
Added Component: Designator=XE 3(JP3)
Add component. Clean all parameters for all variants
Add component (AddParameter): Name = "Value"; Value = "J3"; VariantName = "[No Variations]"
Added Component: Designator=XE 4(JP3)
Add component. Clean all parameters for all variants
Add component (AddParameter): Name = "Value"; Value = "J3"; VariantName = "[No Variations]"
Added Pin To Net: NetName=+5 Pin=C1-1
Added Pin To Net: NetName=+5 Pin=C3-2
Added Pin To Net: NetName=+5 Pin=C4-1
Added Pin To Net: NetName=+5 Pin=ENTER1-3
Added Pin To Net: NetName=+5 Pin=EXIT1-3
Added Pin To Net: NetName=+5 Pin=HD1-1
Added Pin To Net: NetName=+5 Pin=L1-2
Added Pin To Net: NetName=+5 Pin=LM1-4
Added Pin To Net: NetName=+5 Pin=R1-2
Added Pin To Net: NetName=+5 Pin=SERVO1-2
Added Pin To Net: NetName=+5 Pin=SERVO2-2
Added Pin To Net: NetName=+5 Pin=U1-19
Added Pin To Net: NetName=+5 Pin=XE 1-3
Added Pin To Net: NetName=+5 Pin=XE 2-3
Added Pin To Net: NetName=+5 Pin=XE 3-3
Added Pin To Net: NetName=+5 Pin=XE 4-3
Added Net: Name=+5
Added Pin To Net: NetName=+12 Pin=C2-1
Added Pin To Net: NetName=+12 Pin=JDC1-1
Added Pin To Net: NetName=+12 Pin=LM1-1
Added Net: Name=+12
Added Pin To Net: NetName=3V3 Pin=U1-1
Added Net: Name=3V3
Added Pin To Net: NetName=BUZ Pin=U1-26
Added Net: Name=BUZ
Added Pin To Net: NetName=GND Pin=C1-2
Added Pin To Net: NetName=GND Pin=C2-2
Added Pin To Net: NetName=GND Pin=C3-1
Added Pin To Net: NetName=GND Pin=C4-4
Added Pin To Net: NetName=GND Pin=D1-1
Added Pin To Net: NetName=GND Pin=ENTER1-2
Added Pin To Net: NetName=GND Pin=EXIT1-2
Added Pin To Net: NetName=GND Pin=HD1-2
Added Pin To Net: NetName=GND Pin=JDC1-2
Added Pin To Net: NetName=GND Pin=JDC1-3
Added Pin To Net: NetName=GND Pin=LED1-2
Added Pin To Net: NetName=GND Pin=LM1-3
Added Pin To Net: NetName=GND Pin=LM1-5
Added Pin To Net: NetName=GND Pin=SERVO1-3
Added Pin To Net: NetName=GND Pin=SERVO2-3
Added Pin To Net: NetName=GND Pin=U1-14
Added Pin To Net: NetName=GND Pin=U1-32
Added Pin To Net: NetName=GND Pin=U1-38
Added Pin To Net: NetName=GND Pin=XE 1-2
Added Pin To Net: NetName=GND Pin=XE 2-2
Added Pin To Net: NetName=GND Pin=XE 3-2
Added Pin To Net: NetName=GND Pin=XE 4-2
Added Net: Name=GND
Added Pin To Net: NetName=IO0 Pin=U1-25
Added Net: Name=IO0
Added Pin To Net: NetName=IO5 Pin=U1-29
Added Net: Name=IO5
Added Pin To Net: NetName=IO12 Pin=SERVO2-1
Added Net: Name=IO12
Added Pin To Net: NetName=IO13 Pin=U1-15
Added Net: Name=IO13
Added Pin To Net: NetName=IO14 Pin=SERVO1-1
Added Pin To Net: NetName=IO14 Pin=U1-12
Added Net: Name=IO14
Added Pin To Net: NetName=IO16 Pin=C4-3
Added Pin To Net: NetName=IO16 Pin=U1-27
Added Net: Name=IO16
Added Pin To Net: NetName=IO17 Pin=C4-2
Added Pin To Net: NetName=IO17 Pin=U1-28
Added Net: Name=IO17
Added Pin To Net: NetName=IO18 Pin=U1-30
Added Net: Name=IO18
Added Pin To Net: NetName=IO19 Pin=EXIT1-1
Added Pin To Net: NetName=IO19 Pin=U1-31
Added Net: Name=IO19
Added Pin To Net: NetName=IO23 Pin=U1-37
Added Net: Name=IO23
Added Pin To Net: NetName=IO25 Pin=U1-9
Added Pin To Net: NetName=IO25 Pin=XE 3-1
Added Net: Name=IO25
Added Pin To Net: NetName=IO26 Pin=U1-10
Added Pin To Net: NetName=IO26 Pin=XE 4-1
Added Net: Name=IO26
Added Pin To Net: NetName=IO27 Pin=U1-11
Added Net: Name=IO27
Added Pin To Net: NetName=IO32 Pin=U1-7
Added Pin To Net: NetName=IO32 Pin=XE 1-1
Added Net: Name=IO32
Added Pin To Net: NetName=IO33 Pin=U1-8
Added Pin To Net: NetName=IO33 Pin=XE 2-1
Added Net: Name=IO33
Added Pin To Net: NetName=IO34 Pin=U1-5
Added Net: Name=IO34
Added Pin To Net: NetName=IO35 Pin=ENTER1-1
Added Pin To Net: NetName=IO35 Pin=U1-6
Added Net: Name=IO35
Added Pin To Net: NetName=NetD1_2 Pin=D1-2
Added Pin To Net: NetName=NetD1_2 Pin=L1-1
Added Pin To Net: NetName=NetD1_2 Pin=LM1-2
Added Net: Name=NetD1_2
Added Pin To Net: NetName=NetLED1_1 Pin=LED1-1
Added Pin To Net: NetName=NetLED1_1 Pin=R1-1
Added Net: Name=NetLED1_1
Added Pin To Net: NetName=SCL Pin=C3-4
Added Pin To Net: NetName=SCL Pin=U1-36
Added Net: Name=SCL
Added Pin To Net: NetName=SDA Pin=C3-3
Added Pin To Net: NetName=SDA Pin=U1-33
Added Net: Name=SDA
Added Class: Name=ESP32_SERVO
Added Room: Name=ESP32_SERVO
